mode: set
2024_1_kayros/microservices/auth/internal/usecase/usecase.go:27.84,32.2 1 1
2024_1_kayros/microservices/auth/internal/usecase/usecase.go:34.96,36.16 2 1
2024_1_kayros/microservices/auth/internal/usecase/usecase.go:36.16,39.3 2 1
2024_1_kayros/microservices/auth/internal/usecase/usecase.go:41.2,41.13 1 1
2024_1_kayros/microservices/auth/internal/usecase/usecase.go:41.13,44.3 2 1
2024_1_kayros/microservices/auth/internal/usecase/usecase.go:47.2,49.16 3 1
2024_1_kayros/microservices/auth/internal/usecase/usecase.go:49.16,52.3 2 1
2024_1_kayros/microservices/auth/internal/usecase/usecase.go:54.2,54.44 1 1
2024_1_kayros/microservices/auth/internal/usecase/usecase.go:57.96,59.16 2 0
2024_1_kayros/microservices/auth/internal/usecase/usecase.go:59.16,62.3 2 0
2024_1_kayros/microservices/auth/internal/usecase/usecase.go:64.2,65.16 2 0
2024_1_kayros/microservices/auth/internal/usecase/usecase.go:65.16,68.3 2 0
2024_1_kayros/microservices/auth/internal/usecase/usecase.go:69.2,69.14 1 0
2024_1_kayros/microservices/auth/internal/usecase/usecase.go:69.14,72.3 2 0
2024_1_kayros/microservices/auth/internal/usecase/usecase.go:74.2,74.37 1 0
2024_1_kayros/microservices/auth/internal/usecase/usecase.go:77.87,79.16 2 1
2024_1_kayros/microservices/auth/internal/usecase/usecase.go:79.16,80.70 1 1
2024_1_kayros/microservices/auth/internal/usecase/usecase.go:80.70,82.4 1 1
2024_1_kayros/microservices/auth/internal/usecase/usecase.go:83.3,83.20 1 1
2024_1_kayros/microservices/auth/internal/usecase/usecase.go:85.2,85.18 1 1
2024_1_kayros/microservices/auth/internal/usecase/usecase.go:89.98,96.2 3 0
2024_1_kayros/microservices/auth/internal/usecase/usecase.go:98.65,104.2 1 1
2024_1_kayros/microservices/auth/internal/usecase/usecase.go:106.52,116.2 1 1
