mode: set
2024_1_kayros/microservices/user/internal/repo/repo.go:33.70,38.2 1 1
2024_1_kayros/microservices/user/internal/repo/repo.go:40.91,48.16 7 1
2024_1_kayros/microservices/user/internal/repo/repo.go:48.16,49.36 1 1
2024_1_kayros/microservices/user/internal/repo/repo.go:49.36,51.4 1 1
2024_1_kayros/microservices/user/internal/repo/repo.go:52.3,52.18 1 1
2024_1_kayros/microservices/user/internal/repo/repo.go:55.2,55.55 1 1
2024_1_kayros/microservices/user/internal/repo/repo.go:58.80,63.16 5 1
2024_1_kayros/microservices/user/internal/repo/repo.go:63.16,65.3 1 1
2024_1_kayros/microservices/user/internal/repo/repo.go:66.2,67.16 2 1
2024_1_kayros/microservices/user/internal/repo/repo.go:67.16,69.3 1 1
2024_1_kayros/microservices/user/internal/repo/repo.go:70.2,70.18 1 1
2024_1_kayros/microservices/user/internal/repo/repo.go:70.18,72.3 1 1
2024_1_kayros/microservices/user/internal/repo/repo.go:73.2,73.12 1 1
2024_1_kayros/microservices/user/internal/repo/repo.go:76.68,84.16 6 1
2024_1_kayros/microservices/user/internal/repo/repo.go:84.16,86.3 1 1
2024_1_kayros/microservices/user/internal/repo/repo.go:87.2,88.16 2 1
2024_1_kayros/microservices/user/internal/repo/repo.go:88.16,90.3 1 1
2024_1_kayros/microservices/user/internal/repo/repo.go:91.2,91.18 1 1
2024_1_kayros/microservices/user/internal/repo/repo.go:91.18,93.3 1 1
2024_1_kayros/microservices/user/internal/repo/repo.go:94.2,94.12 1 1
2024_1_kayros/microservices/user/internal/repo/repo.go:97.81,109.16 7 1
2024_1_kayros/microservices/user/internal/repo/repo.go:109.16,111.3 1 1
2024_1_kayros/microservices/user/internal/repo/repo.go:112.2,113.16 2 0
2024_1_kayros/microservices/user/internal/repo/repo.go:113.16,115.3 1 0
2024_1_kayros/microservices/user/internal/repo/repo.go:116.2,116.18 1 0
2024_1_kayros/microservices/user/internal/repo/repo.go:116.18,118.3 1 0
2024_1_kayros/microservices/user/internal/repo/repo.go:119.2,119.12 1 0
2024_1_kayros/microservices/user/internal/repo/repo.go:122.104,130.16 7 1
2024_1_kayros/microservices/user/internal/repo/repo.go:130.16,131.36 1 1
2024_1_kayros/microservices/user/internal/repo/repo.go:131.36,133.4 1 1
2024_1_kayros/microservices/user/internal/repo/repo.go:134.3,134.18 1 1
2024_1_kayros/microservices/user/internal/repo/repo.go:136.2,136.20 1 1
2024_1_kayros/microservices/user/internal/repo/repo.go:136.20,138.3 1 1
2024_1_kayros/microservices/user/internal/repo/repo.go:139.2,139.52 1 1
2024_1_kayros/microservices/user/internal/repo/repo.go:142.101,147.16 5 0
2024_1_kayros/microservices/user/internal/repo/repo.go:147.16,149.3 1 0
2024_1_kayros/microservices/user/internal/repo/repo.go:150.2,151.16 2 0
2024_1_kayros/microservices/user/internal/repo/repo.go:151.16,153.3 1 0
2024_1_kayros/microservices/user/internal/repo/repo.go:154.2,154.18 1 0
2024_1_kayros/microservices/user/internal/repo/repo.go:154.18,156.3 1 0
2024_1_kayros/microservices/user/internal/repo/repo.go:157.2,157.12 1 0
2024_1_kayros/microservices/user/internal/repo/repo.go:160.101,165.16 5 0
2024_1_kayros/microservices/user/internal/repo/repo.go:165.16,167.3 1 0
2024_1_kayros/microservices/user/internal/repo/repo.go:168.2,169.16 2 0
2024_1_kayros/microservices/user/internal/repo/repo.go:169.16,171.3 1 0
2024_1_kayros/microservices/user/internal/repo/repo.go:172.2,172.18 1 0
2024_1_kayros/microservices/user/internal/repo/repo.go:172.18,174.3 1 0
2024_1_kayros/microservices/user/internal/repo/repo.go:175.2,175.12 1 0
