mode: set
2024_1_kayros/internal/delivery/auth/handler.go:30.168,38.2 1 1
2024_1_kayros/internal/delivery/auth/handler.go:40.67,43.17 3 1
2024_1_kayros/internal/delivery/auth/handler.go:43.17,47.3 3 1
2024_1_kayros/internal/delivery/auth/handler.go:49.2,51.16 3 1
2024_1_kayros/internal/delivery/auth/handler.go:51.16,55.3 3 1
2024_1_kayros/internal/delivery/auth/handler.go:57.2,59.16 3 1
2024_1_kayros/internal/delivery/auth/handler.go:59.16,63.3 3 1
2024_1_kayros/internal/delivery/auth/handler.go:65.2,66.28 2 1
2024_1_kayros/internal/delivery/auth/handler.go:66.28,70.3 3 1
2024_1_kayros/internal/delivery/auth/handler.go:72.2,74.16 3 1
2024_1_kayros/internal/delivery/auth/handler.go:74.16,76.48 2 0
2024_1_kayros/internal/delivery/auth/handler.go:76.48,79.4 2 0
2024_1_kayros/internal/delivery/auth/handler.go:81.3,82.9 2 0
2024_1_kayros/internal/delivery/auth/handler.go:84.2,87.16 3 0
2024_1_kayros/internal/delivery/auth/handler.go:87.16,89.3 1 0
2024_1_kayros/internal/delivery/auth/handler.go:90.2,90.33 1 0
2024_1_kayros/internal/delivery/auth/handler.go:93.67,96.17 3 1
2024_1_kayros/internal/delivery/auth/handler.go:96.17,100.3 3 1
2024_1_kayros/internal/delivery/auth/handler.go:102.2,104.16 3 1
2024_1_kayros/internal/delivery/auth/handler.go:104.16,108.3 3 0
2024_1_kayros/internal/delivery/auth/handler.go:110.2,112.16 3 1
2024_1_kayros/internal/delivery/auth/handler.go:112.16,116.3 3 0
2024_1_kayros/internal/delivery/auth/handler.go:118.2,119.28 2 1
2024_1_kayros/internal/delivery/auth/handler.go:119.28,123.3 3 1
2024_1_kayros/internal/delivery/auth/handler.go:125.2,126.16 2 1
2024_1_kayros/internal/delivery/auth/handler.go:126.16,128.97 2 0
2024_1_kayros/internal/delivery/auth/handler.go:128.97,131.4 2 0
2024_1_kayros/internal/delivery/auth/handler.go:132.3,133.9 2 0
2024_1_kayros/internal/delivery/auth/handler.go:135.2,138.16 3 0
2024_1_kayros/internal/delivery/auth/handler.go:138.16,140.3 1 0
2024_1_kayros/internal/delivery/auth/handler.go:141.2,141.33 1 0
2024_1_kayros/internal/delivery/auth/handler.go:144.68,147.17 3 0
2024_1_kayros/internal/delivery/auth/handler.go:147.17,150.3 2 0
2024_1_kayros/internal/delivery/auth/handler.go:152.2,153.16 2 0
2024_1_kayros/internal/delivery/auth/handler.go:153.16,157.3 3 0
2024_1_kayros/internal/delivery/auth/handler.go:158.2,158.106 1 0
