mode: set
2024_1_kayros/microservices/restaurants/internal/usecase/rest.go:31.80,37.2 1 1
2024_1_kayros/microservices/restaurants/internal/usecase/rest.go:39.89,41.16 2 1
2024_1_kayros/microservices/restaurants/internal/usecase/rest.go:41.16,44.3 2 1
2024_1_kayros/microservices/restaurants/internal/usecase/rest.go:45.2,45.19 1 0
2024_1_kayros/microservices/restaurants/internal/usecase/rest.go:48.88,50.16 2 1
2024_1_kayros/microservices/restaurants/internal/usecase/rest.go:50.16,52.59 2 1
2024_1_kayros/microservices/restaurants/internal/usecase/rest.go:52.59,54.4 1 0
2024_1_kayros/microservices/restaurants/internal/usecase/rest.go:55.3,55.69 1 1
2024_1_kayros/microservices/restaurants/internal/usecase/rest.go:57.2,57.15 1 1
2024_1_kayros/microservices/restaurants/internal/usecase/rest.go:60.96,62.16 2 1
2024_1_kayros/microservices/restaurants/internal/usecase/rest.go:62.16,65.3 2 1
2024_1_kayros/microservices/restaurants/internal/usecase/rest.go:66.2,66.19 1 0
2024_1_kayros/microservices/restaurants/internal/usecase/rest.go:69.102,71.16 2 0
2024_1_kayros/microservices/restaurants/internal/usecase/rest.go:71.16,74.3 2 0
2024_1_kayros/microservices/restaurants/internal/usecase/rest.go:75.2,75.18 1 0
2024_1_kayros/microservices/restaurants/internal/usecase/rest.go:80.107,82.16 2 0
2024_1_kayros/microservices/restaurants/internal/usecase/rest.go:82.16,85.3 2 0
2024_1_kayros/microservices/restaurants/internal/usecase/rest.go:86.2,86.20 1 0
2024_1_kayros/microservices/restaurants/internal/usecase/rest.go:86.20,88.3 1 0
2024_1_kayros/microservices/restaurants/internal/usecase/rest.go:89.2,90.16 2 0
2024_1_kayros/microservices/restaurants/internal/usecase/rest.go:90.16,93.3 2 0
2024_1_kayros/microservices/restaurants/internal/usecase/rest.go:95.2,95.18 1 0
2024_1_kayros/microservices/restaurants/internal/usecase/rest.go:95.18,97.3 1 0
2024_1_kayros/microservices/restaurants/internal/usecase/rest.go:98.2,101.38 4 0
2024_1_kayros/microservices/restaurants/internal/usecase/rest.go:101.38,102.25 1 0
2024_1_kayros/microservices/restaurants/internal/usecase/rest.go:102.25,103.9 1 0
2024_1_kayros/microservices/restaurants/internal/usecase/rest.go:105.3,105.33 1 0
2024_1_kayros/microservices/restaurants/internal/usecase/rest.go:105.33,107.25 2 0
2024_1_kayros/microservices/restaurants/internal/usecase/rest.go:107.25,109.10 2 0
2024_1_kayros/microservices/restaurants/internal/usecase/rest.go:112.3,112.10 1 0
2024_1_kayros/microservices/restaurants/internal/usecase/rest.go:112.10,116.4 2 0
2024_1_kayros/microservices/restaurants/internal/usecase/rest.go:117.3,117.13 1 0
2024_1_kayros/microservices/restaurants/internal/usecase/rest.go:119.2,119.18 1 0
