mode: set
2024_1_kayros/internal/delivery/restaurants/handler.go:37.131,44.2 1 1
2024_1_kayros/internal/delivery/restaurants/handler.go:46.84,52.18 6 1
2024_1_kayros/internal/delivery/restaurants/handler.go:52.18,54.27 2 1
2024_1_kayros/internal/delivery/restaurants/handler.go:54.27,58.4 3 1
2024_1_kayros/internal/delivery/restaurants/handler.go:59.3,60.17 2 1
2024_1_kayros/internal/delivery/restaurants/handler.go:60.17,64.4 3 1
2024_1_kayros/internal/delivery/restaurants/handler.go:65.8,67.17 2 1
2024_1_kayros/internal/delivery/restaurants/handler.go:67.17,71.4 3 1
2024_1_kayros/internal/delivery/restaurants/handler.go:73.2,74.38 2 1
2024_1_kayros/internal/delivery/restaurants/handler.go:77.84,81.16 4 1
2024_1_kayros/internal/delivery/restaurants/handler.go:81.16,85.3 3 1
2024_1_kayros/internal/delivery/restaurants/handler.go:86.2,87.16 2 1
2024_1_kayros/internal/delivery/restaurants/handler.go:87.16,89.59 2 1
2024_1_kayros/internal/delivery/restaurants/handler.go:89.59,91.4 1 0
2024_1_kayros/internal/delivery/restaurants/handler.go:92.3,93.9 2 1
2024_1_kayros/internal/delivery/restaurants/handler.go:95.2,96.16 2 0
2024_1_kayros/internal/delivery/restaurants/handler.go:96.16,100.3 3 0
2024_1_kayros/internal/delivery/restaurants/handler.go:101.2,102.36 2 0
2024_1_kayros/internal/delivery/restaurants/handler.go:105.82,108.16 3 0
2024_1_kayros/internal/delivery/restaurants/handler.go:108.16,112.3 3 0
2024_1_kayros/internal/delivery/restaurants/handler.go:113.2,114.36 2 0
2024_1_kayros/internal/delivery/restaurants/handler.go:117.83,124.17 6 0
2024_1_kayros/internal/delivery/restaurants/handler.go:124.17,126.17 2 0
2024_1_kayros/internal/delivery/restaurants/handler.go:126.17,130.4 3 0
2024_1_kayros/internal/delivery/restaurants/handler.go:131.3,131.63 1 0
2024_1_kayros/internal/delivery/restaurants/handler.go:132.8,134.3 1 0
2024_1_kayros/internal/delivery/restaurants/handler.go:135.2,135.19 1 0
2024_1_kayros/internal/delivery/restaurants/handler.go:135.19,139.3 3 0
2024_1_kayros/internal/delivery/restaurants/handler.go:140.2,141.44 2 0
